<?xml version="1.0" encoding="UTF-8"?>
<!-- Generated by org.testng.reporters.JUnitReportReporter -->
<testsuite hostname="DESKTOP-AL4SBLA" failures="0" tests="1" name="com.TestNG.VerifyHomePageCommentPost" time="46.678" errors="0" timestamp="2023-03-06T01:18:00 IST" skipped="0">
  <testcase classname="com.TestNG.VerifyHomePageCommentPost" name="VerifyReadEntireComment" time="46.678"/>
  <system-out/>
</testsuite> <!-- com.TestNG.VerifyHomePageCommentPost -->
