<?xml version="1.0" encoding="UTF-8"?>
<!-- Generated by org.testng.reporters.JUnitReportReporter -->
<testsuite hostname="DESKTOP-AL4SBLA" failures="0" tests="2" name="com.TestNG.VerifyLeaderSpeakPage" time="43.058" errors="0" timestamp="2023-03-10T01:44:36 IST" skipped="0">
  <testcase classname="com.TestNG.VerifyLeaderSpeakPage" name="verifyAnnouncementSection" time="2.522"/>
  <system-out/>
  <testcase classname="com.TestNG.VerifyLeaderSpeakPage" name="verifyLeaderSpeakButton" time="40.536"/>
  <system-out/>
</testsuite> <!-- com.TestNG.VerifyLeaderSpeakPage -->
