<?xml version="1.0" encoding="UTF-8"?>
<!-- Generated by org.testng.reporters.JUnitReportReporter -->
<testsuite hostname="DESKTOP-AL4SBLA" failures="0" tests="2" name="com.TestNG.VerifyResisterPage" time="44.979" errors="0" timestamp="2023-02-07T02:10:05 IST" skipped="0">
  <testcase classname="com.TestNG.VerifyResisterPage" name="VerifyBasicDetails" time="26.011"/>
  <system-out/>
  <testcase classname="com.TestNG.VerifyResisterPage" name="verifyBooking" time="18.968"/>
  <system-out/>
</testsuite> <!-- com.TestNG.VerifyResisterPage -->
