<?xml version="1.0" encoding="UTF-8"?>
<!-- Generated by org.testng.reporters.JUnitReportReporter -->
<testsuite hostname="DESKTOP-AL4SBLA" failures="0" tests="1" name="com.TestNG.VerifyHomePage" time="42.918" errors="0" timestamp="2023-03-03T03:21:59 IST" skipped="0">
  <testcase classname="com.TestNG.VerifyHomePage" name="verifyPostWithCurrentDate" time="42.918"/>
  <system-out/>
</testsuite> <!-- com.TestNG.VerifyHomePage -->
